-------------------------------------------------------------------------------
Test set: TestSuite
-------------------------------------------------------------------------------
Tests run: 3, Failures: 1, Errors: 0, Skipped: 1, Time elapsed: 4.358 s <<< FAILURE! - in TestSuite
com.swaglabs.tests.SauceDemoTests.testValidLogin  Time elapsed: 0.161 s  <<< FAILURE!
java.lang.AssertionError: expected [true] but found [false]
	at com.swaglabs.tests.SauceDemoTests.testValidLogin(SauceDemoTests.java:36)

