<?xml version="1.0" encoding="UTF-8"?>
<!-- Generated by org.testng.reporters.JUnitXMLReporter -->
<testsuite hostname="AUSC02ZH2U6LVDQ.local" ignored="0" name="Swag Labs Test" tests="3" failures="1" timestamp="2023-02-15T16:34:39 CST" time="3.942" errors="0">
  <testcase name="testInvalidLogin" time="0.276" classname="com.swaglabs.tests.SauceDemoTests"/>
  <testcase name="testValidLogin" time="0.159" classname="com.swaglabs.tests.SauceDemoTests">
    <failure type="java.lang.AssertionError" message="expected [true] but found [false]">
      <![CDATA[java.lang.AssertionError: expected [true] but found [false]
at com.swaglabs.tests.SauceDemoTests.testValidLogin(SauceDemoTests.java:36)
at java.util.ArrayList.forEach(ArrayList.java:1257)
... Removed 35 stack frames]]>
    </failure>
  </testcase> <!-- testValidLogin -->
  <testcase name="testLogout" time="0.0" classname="com.swaglabs.tests.SauceDemoTests">
    <skipped/>
  </testcase> <!-- testLogout -->
</testsuite> <!-- Swag Labs Test -->
